<?xml version="1.0" encoding="UTF-8"?>
<!-- Generated by org.testng.reporters.JUnitReportReporter -->
<testsuite hostname="LAPTOP-JTGB8L8M" name="org.testing.TestScripts.TestAssert1" tests="1" failures="0" timestamp="28 Jun 2021 14:25:06 GMT" time="5.882" errors="0">
  <testcase name="AssertTest" time="5.882" classname="org.testing.TestScripts.TestAssert1"/>
</testsuite> <!-- org.testing.TestScripts.TestAssert1 -->
