<?xml version="1.0" encoding="UTF-8"?>
<!-- Generated by org.testng.reporters.JUnitReportReporter -->
<testsuite hostname="LAPTOP-JTGB8L8M" name="org.testing.TestScripts.DataProviderTest" tests="3" failures="0" timestamp="4 Jul 2021 07:53:43 GMT" time="22.569" errors="0">
  <testcase name="testcase" time="7.340" classname="org.testing.TestScripts.DataProviderTest"/>
  <testcase name="testcase" time="7.402" classname="org.testing.TestScripts.DataProviderTest"/>
  <testcase name="testcase" time="7.827" classname="org.testing.TestScripts.DataProviderTest"/>
</testsuite> <!-- org.testing.TestScripts.DataProviderTest -->
